Using pre-set license
Built from '2020.3/staging' branch; Version is '2020.3.0f1 (c7b5465681fb) revision 13088070'; Using compiler version '192528614'; Build Type 'Release'
OS: 'Windows 10 Home; OS build 19041.867; Version 2004; 64bit' Language: 'ko' Physical Memory: 8090 MB
BatchMode: 1, IsHumanControllingUs: 0, StartBugReporterOnCrash: 0, Is64bit: 1, IsPro: 0

 COMMAND LINE ARGUMENTS:
C:\Program Files\Unity\Hub\Editor\2020.3.0f1\Editor\Unity.exe
-adb2
-batchMode
-noUpm
-name
AssetImportWorker2
-projectPath
E:/홍익대학교(2019~)/3학년 1학기/ExP 학프 4팀/KoalaArcher/KoalaArcherProject
-logFile
Logs/AssetImportWorker2.log
-srvPort
65346
Successfully changed project path to: E:/홍익대학교(2019~)/3학년 1학기/ExP 학프 4팀/KoalaArcher/KoalaArcherProject
E:/홍익대학교(2019~)/3학년 1학기/ExP 학프 4팀/KoalaArcher/KoalaArcherProject
Using Asset Import Pipeline V2.
Refreshing native plugins compatible for Editor in 119.89 ms, found 1 plugins.
Preloading 0 native plugins for Editor in 0.00 ms.
Initialize engine version: 2020.3.0f1 (c7b5465681fb)
[Subsystems] Discovering subsystems at path C:/Program Files/Unity/Hub/Editor/2020.3.0f1/Editor/Data/Resources/UnitySubsystems
[Subsystems] Discovering subsystems at path E:/홍익대학교(2019~)/3학년 1학기/ExP 학프 4팀/KoalaArcher/KoalaArcherProject/Assets
GfxDevice: creating device client; threaded=0
Direct3D:
    Version:  Direct3D 11.0 [level 11.1]
    Renderer: Intel(R) HD Graphics 5500 (ID=0x1616)
    Vendor:   
    VRAM:     4045 MB
    Driver:   20.19.15.4549
Initialize mono
Mono path[0] = 'C:/Program Files/Unity/Hub/Editor/2020.3.0f1/Editor/Data/Managed'
Mono path[1] = 'C:/Program Files/Unity/Hub/Editor/2020.3.0f1/Editor/Data/MonoBleedingEdge/lib/mono/unityjit'
Mono config path = 'C:/Program Files/Unity/Hub/Editor/2020.3.0f1/Editor/Data/MonoBleedingEdge/etc'
Using monoOptions --debugger-agent=transport=dt_socket,embedding=1,server=y,suspend=n,address=127.0.0.1:56404
Begin MonoManager ReloadAssembly
Registering precompiled unity dll's ...
Register platform support module: C:/Program Files/Unity/Hub/Editor/2020.3.0f1/Editor/Data/PlaybackEngines/WindowsStandaloneSupport/UnityEditor.WindowsStandalone.Extensions.dll
Registered in 0.021432 seconds.
Native extension for WindowsStandalone target not found
Refreshing native plugins compatible for Editor in 94.33 ms, found 1 plugins.
Preloading 0 native plugins for Editor in 0.00 ms.
Invoked RoslynAnalysisRunner static constructor.
RoslynAnalysisRunner will not be running.
RoslynAnalysisRunner has terminated.
Mono: successfully reloaded assembly
- Completed reload, in  2.902 seconds
Platform modules already initialized, skipping
Registering precompiled user dll's ...
Registered in 0.008122 seconds.
Begin MonoManager ReloadAssembly
Native extension for WindowsStandalone target not found
Refreshing native plugins compatible for Editor in 69.15 ms, found 1 plugins.
Preloading 0 native plugins for Editor in 0.00 ms.
Invoked RoslynAnalysisRunner static constructor.
RoslynAnalysisRunner will not be running.
RoslynAnalysisRunner has terminated.
Mono: successfully reloaded assembly
- Completed reload, in  4.446 seconds
Platform modules already initialized, skipping
========================================================================
Worker process is ready to serve import requests
Launched and connected shader compiler UnityShaderCompiler.exe after 0.18 seconds
Refreshing native plugins compatible for Editor in 0.89 ms, found 1 plugins.
Preloading 0 native plugins for Editor in 0.00 ms.
Unloading 1807 Unused Serialized files (Serialized files now loaded: 0)
System memory in use before: 85.2 MB.
System memory in use after: 85.2 MB.

Unloading 24 unused Assets to reduce memory usage. Loaded Objects now: 2250.
Total: 3.652900 ms (FindLiveObjects: 0.483500 ms CreateObjectMapping: 0.221500 ms MarkObjects: 2.709600 ms  DeleteObjects: 0.235700 ms)

========================================================================
Received Import Request.
  path: Assets/Scenes
  artifactKey: Guid(4c6860d87bb511a40afa2c4155b140f2) Importer(815301076,1909f56bfc062723c751e8b465ee728b)
Start importing Assets/Scenes using Guid(4c6860d87bb511a40afa2c4155b140f2) Importer(815301076,1909f56bfc062723c751e8b465ee728b)  -> (artifact id: 'a8afebbb78a3e9dda47dea1def49ecbb') in 0.035227 seconds
  Import took 0.040069 seconds .

========================================================================
Received Import Request.
  Time since last request: 0.000585 seconds.
  path: Assets/Scenes/GameScene.unity
  artifactKey: Guid(93015809090bcae47966b3969343e0a7) Importer(815301076,1909f56bfc062723c751e8b465ee728b)
Start importing Assets/Scenes/GameScene.unity using Guid(93015809090bcae47966b3969343e0a7) Importer(815301076,1909f56bfc062723c751e8b465ee728b)  -> (artifact id: '0794cfd9272157d83cf945c41df0791d') in 0.362542 seconds
  Import took 0.366659 seconds .

========================================================================
Received Import Request.
  Time since last request: 0.000385 seconds.
  path: Assets/Scripts
  artifactKey: Guid(079eadeb002568840a5f83e504ba4b18) Importer(815301076,1909f56bfc062723c751e8b465ee728b)
Start importing Assets/Scripts using Guid(079eadeb002568840a5f83e504ba4b18) Importer(815301076,1909f56bfc062723c751e8b465ee728b)  -> (artifact id: 'cd49084144ee92204e03a4cd5dcff030') in 0.402546 seconds
  Import took 0.407792 seconds .

========================================================================
Received Import Request.
  Time since last request: 0.000539 seconds.
  path: Assets/Scenes/EndingScene.unity
  artifactKey: Guid(afa53bdb81247cf45bc1cc940b80430a) Importer(815301076,1909f56bfc062723c751e8b465ee728b)
Start importing Assets/Scenes/EndingScene.unity using Guid(afa53bdb81247cf45bc1cc940b80430a) Importer(815301076,1909f56bfc062723c751e8b465ee728b)  -> (artifact id: '6cb34a67b472cd12290f1360a21948cc') in 0.257279 seconds
  Import took 0.267117 seconds .

AssetImportWorkerClient::OnTransportError - code=2 error=End of file
